2022/03/13 00:00:52 main.go:16: test
2022/03/13 16:07:36 todos.go:46: near "from": syntax error
2022/03/13 16:09:29 todos.go:46: near "from": syntax error
2022/03/13 16:11:25 todos.go:46: near "from": syntax error
2022/03/17 19:27:08 server.go:3160: http: panic serving 127.0.0.1:50015: template: layout.html:12: function "tempate" not defined
goroutine 20 [running]:
net/http.(*conn).serve.func1()
	/usr/local/go/src/net/http/server.go:1802 +0xb9
panic({0x446f280, 0xc0001920e0})
	/usr/local/go/src/runtime/panic.go:1047 +0x266
html/template.Must(...)
	/usr/local/go/src/html/template/template.go:374
todo_app/app/controllers.generateHTML({0x4547178, 0xc0001ac000}, {0x445fd00, 0x453d440}, {0xc000187a18, 0x2, 0xc0001ac040})
	/Users/shimpei/go/src/todo_app/app/controllers/server.go:17 +0xf9
todo_app/app/controllers.top({0x4547178, 0xc0001ac000}, 0x0)
	/Users/shimpei/go/src/todo_app/app/controllers/route_main.go:8 +0x76
net/http.HandlerFunc.ServeHTTP(0x0, {0x4547178, 0xc0001ac000}, 0x0)
	/usr/local/go/src/net/http/server.go:2047 +0x2f
net/http.(*ServeMux).ServeHTTP(0x0, {0x4547178, 0xc0001ac000}, 0xc000196000)
	/usr/local/go/src/net/http/server.go:2425 +0x149
net/http.serverHandler.ServeHTTP({0xc00018e030}, {0x4547178, 0xc0001ac000}, 0xc000196000)
	/usr/local/go/src/net/http/server.go:2879 +0x43b
net/http.(*conn).serve(0xc0000b7360, {0x4548a40, 0xc00009b530})
	/usr/local/go/src/net/http/server.go:1930 +0xb08
created by net/http.(*Server).Serve
	/usr/local/go/src/net/http/server.go:3034 +0x4e8
2022/03/17 19:27:08 server.go:3160: http: panic serving 127.0.0.1:50016: template: layout.html:12: function "tempate" not defined
goroutine 21 [running]:
net/http.(*conn).serve.func1()
	/usr/local/go/src/net/http/server.go:1802 +0xb9
panic({0x446f280, 0xc0001921d0})
	/usr/local/go/src/runtime/panic.go:1047 +0x266
html/template.Must(...)
	/usr/local/go/src/html/template/template.go:374
todo_app/app/controllers.generateHTML({0x4547178, 0xc0001ac0e0}, {0x445fd00, 0x453d440}, {0xc0000bfa18, 0x2, 0xc0001ac120})
	/Users/shimpei/go/src/todo_app/app/controllers/server.go:17 +0xf9
todo_app/app/controllers.top({0x4547178, 0xc0001ac0e0}, 0x0)
	/Users/shimpei/go/src/todo_app/app/controllers/route_main.go:8 +0x76
net/http.HandlerFunc.ServeHTTP(0x0, {0x4547178, 0xc0001ac0e0}, 0x0)
	/usr/local/go/src/net/http/server.go:2047 +0x2f
net/http.(*ServeMux).ServeHTTP(0x0, {0x4547178, 0xc0001ac0e0}, 0xc00010a100)
	/usr/local/go/src/net/http/server.go:2425 +0x149
net/http.serverHandler.ServeHTTP({0xc00009b680}, {0x4547178, 0xc0001ac0e0}, 0xc00010a100)
	/usr/local/go/src/net/http/server.go:2879 +0x43b
net/http.(*conn).serve(0xc0000b7400, {0x4548a40, 0xc00009b530})
	/usr/local/go/src/net/http/server.go:1930 +0xb08
created by net/http.(*Server).Serve
	/usr/local/go/src/net/http/server.go:3034 +0x4e8
2022/03/17 19:27:08 server.go:3160: http: panic serving 127.0.0.1:50017: template: layout.html:12: function "tempate" not defined
goroutine 38 [running]:
net/http.(*conn).serve.func1()
	/usr/local/go/src/net/http/server.go:1802 +0xb9
panic({0x446f280, 0xc0001922d0})
	/usr/local/go/src/runtime/panic.go:1047 +0x266
html/template.Must(...)
	/usr/local/go/src/html/template/template.go:374
todo_app/app/controllers.generateHTML({0x4547178, 0xc0001ac1c0}, {0x445fd00, 0x453d440}, {0xc000187a18, 0x2, 0xc0001ac200})
	/Users/shimpei/go/src/todo_app/app/controllers/server.go:17 +0xf9
todo_app/app/controllers.top({0x4547178, 0xc0001ac1c0}, 0x0)
	/Users/shimpei/go/src/todo_app/app/controllers/route_main.go:8 +0x76
net/http.HandlerFunc.ServeHTTP(0x0, {0x4547178, 0xc0001ac1c0}, 0x0)
	/usr/local/go/src/net/http/server.go:2047 +0x2f
net/http.(*ServeMux).ServeHTTP(0x0, {0x4547178, 0xc0001ac1c0}, 0xc000196100)
	/usr/local/go/src/net/http/server.go:2425 +0x149
net/http.serverHandler.ServeHTTP({0xc00018e930}, {0x4547178, 0xc0001ac1c0}, 0xc000196100)
	/usr/local/go/src/net/http/server.go:2879 +0x43b
net/http.(*conn).serve(0xc0001f2000, {0x4548a40, 0xc00009b530})
	/usr/local/go/src/net/http/server.go:1930 +0xb08
created by net/http.(*Server).Serve
	/usr/local/go/src/net/http/server.go:3034 +0x4e8
2022/03/17 19:27:09 server.go:3160: http: panic serving 127.0.0.1:50018: template: layout.html:12: function "tempate" not defined
goroutine 22 [running]:
net/http.(*conn).serve.func1()
	/usr/local/go/src/net/http/server.go:1802 +0xb9
panic({0x446f280, 0xc0001923c0})
	/usr/local/go/src/runtime/panic.go:1047 +0x266
html/template.Must(...)
	/usr/local/go/src/html/template/template.go:374
todo_app/app/controllers.generateHTML({0x4547178, 0xc0001ac2a0}, {0x445fd00, 0x453d440}, {0xc000051a18, 0x2, 0xc0001ac2e0})
	/Users/shimpei/go/src/todo_app/app/controllers/server.go:17 +0xf9
todo_app/app/controllers.top({0x4547178, 0xc0001ac2a0}, 0x0)
	/Users/shimpei/go/src/todo_app/app/controllers/route_main.go:8 +0x76
net/http.HandlerFunc.ServeHTTP(0x0, {0x4547178, 0xc0001ac2a0}, 0x0)
	/usr/local/go/src/net/http/server.go:2047 +0x2f
net/http.(*ServeMux).ServeHTTP(0x0, {0x4547178, 0xc0001ac2a0}, 0xc00010a300)
	/usr/local/go/src/net/http/server.go:2425 +0x149
net/http.serverHandler.ServeHTTP({0xc00009b860}, {0x4547178, 0xc0001ac2a0}, 0xc00010a300)
	/usr/local/go/src/net/http/server.go:2879 +0x43b
net/http.(*conn).serve(0xc0000b74a0, {0x4548a40, 0xc00009b530})
	/usr/local/go/src/net/http/server.go:1930 +0xb08
created by net/http.(*Server).Serve
	/usr/local/go/src/net/http/server.go:3034 +0x4e8
2022/03/17 19:27:09 server.go:3160: http: panic serving 127.0.0.1:50019: template: layout.html:12: function "tempate" not defined
goroutine 23 [running]:
net/http.(*conn).serve.func1()
	/usr/local/go/src/net/http/server.go:1802 +0xb9
panic({0x446f280, 0xc000012070})
	/usr/local/go/src/runtime/panic.go:1047 +0x266
html/template.Must(...)
	/usr/local/go/src/html/template/template.go:374
todo_app/app/controllers.generateHTML({0x4547178, 0xc0001ac380}, {0x445fd00, 0x453d440}, {0xc000050a18, 0x2, 0xc0001ac3c0})
	/Users/shimpei/go/src/todo_app/app/controllers/server.go:17 +0xf9
todo_app/app/controllers.top({0x4547178, 0xc0001ac380}, 0x0)
	/Users/shimpei/go/src/todo_app/app/controllers/route_main.go:8 +0x76
net/http.HandlerFunc.ServeHTTP(0x4, {0x4547178, 0xc0001ac380}, 0x48b2a68)
	/usr/local/go/src/net/http/server.go:2047 +0x2f
net/http.(*ServeMux).ServeHTTP(0x0, {0x4547178, 0xc0001ac380}, 0xc00010a200)
	/usr/local/go/src/net/http/server.go:2425 +0x149
net/http.serverHandler.ServeHTTP({0xc00009b800}, {0x4547178, 0xc0001ac380}, 0xc00010a200)
	/usr/local/go/src/net/http/server.go:2879 +0x43b
net/http.(*conn).serve(0xc0000b7540, {0x4548a40, 0xc00009b530})
	/usr/local/go/src/net/http/server.go:1930 +0xb08
created by net/http.(*Server).Serve
	/usr/local/go/src/net/http/server.go:3034 +0x4e8
2022/03/17 19:27:09 server.go:3160: http: panic serving 127.0.0.1:50020: template: layout.html:12: function "tempate" not defined
goroutine 24 [running]:
net/http.(*conn).serve.func1()
	/usr/local/go/src/net/http/server.go:1802 +0xb9
panic({0x446f280, 0xc000012160})
	/usr/local/go/src/runtime/panic.go:1047 +0x266
html/template.Must(...)
	/usr/local/go/src/html/template/template.go:374
todo_app/app/controllers.generateHTML({0x4547178, 0xc000248000}, {0x445fd00, 0x453d440}, {0xc000052a18, 0x2, 0xc000248040})
	/Users/shimpei/go/src/todo_app/app/controllers/server.go:17 +0xf9
todo_app/app/controllers.top({0x4547178, 0xc000248000}, 0x0)
	/Users/shimpei/go/src/todo_app/app/controllers/route_main.go:8 +0x76
net/http.HandlerFunc.ServeHTTP(0x0, {0x4547178, 0xc000248000}, 0x0)
	/usr/local/go/src/net/http/server.go:2047 +0x2f
net/http.(*ServeMux).ServeHTTP(0x0, {0x4547178, 0xc000248000}, 0xc00010a400)
	/usr/local/go/src/net/http/server.go:2425 +0x149
net/http.serverHandler.ServeHTTP({0xc00009b950}, {0x4547178, 0xc000248000}, 0xc00010a400)
	/usr/local/go/src/net/http/server.go:2879 +0x43b
net/http.(*conn).serve(0xc0000b75e0, {0x4548a40, 0xc00009b530})
	/usr/local/go/src/net/http/server.go:1930 +0xb08
created by net/http.(*Server).Serve
	/usr/local/go/src/net/http/server.go:3034 +0x4e8
2022/03/17 19:27:11 server.go:3160: http: panic serving 127.0.0.1:50021: template: layout.html:12: function "tempate" not defined
goroutine 7 [running]:
net/http.(*conn).serve.func1()
	/usr/local/go/src/net/http/server.go:1802 +0xb9
panic({0x446f280, 0xc000099140})
	/usr/local/go/src/runtime/panic.go:1047 +0x266
html/template.Must(...)
	/usr/local/go/src/html/template/template.go:374
todo_app/app/controllers.generateHTML({0x4547178, 0xc0001120e0}, {0x445fd00, 0x453d440}, {0xc000053a18, 0x2, 0xc000112120})
	/Users/shimpei/go/src/todo_app/app/controllers/server.go:17 +0xf9
todo_app/app/controllers.top({0x4547178, 0xc0001120e0}, 0x0)
	/Users/shimpei/go/src/todo_app/app/controllers/route_main.go:8 +0x76
net/http.HandlerFunc.ServeHTTP(0x0, {0x4547178, 0xc0001120e0}, 0x0)
	/usr/local/go/src/net/http/server.go:2047 +0x2f
net/http.(*ServeMux).ServeHTTP(0x0, {0x4547178, 0xc0001120e0}, 0xc00010a500)
	/usr/local/go/src/net/http/server.go:2425 +0x149
net/http.serverHandler.ServeHTTP({0xc00009b9b0}, {0x4547178, 0xc0001120e0}, 0xc00010a500)
	/usr/local/go/src/net/http/server.go:2879 +0x43b
net/http.(*conn).serve(0xc000252000, {0x4548a40, 0xc00009b530})
	/usr/local/go/src/net/http/server.go:1930 +0xb08
created by net/http.(*Server).Serve
	/usr/local/go/src/net/http/server.go:3034 +0x4e8
2022/03/17 19:27:11 server.go:3160: http: panic serving 127.0.0.1:50022: template: layout.html:12: function "tempate" not defined
goroutine 8 [running]:
net/http.(*conn).serve.func1()
	/usr/local/go/src/net/http/server.go:1802 +0xb9
panic({0x446f280, 0xc000192540})
	/usr/local/go/src/runtime/panic.go:1047 +0x266
html/template.Must(...)
	/usr/local/go/src/html/template/template.go:374
todo_app/app/controllers.generateHTML({0x4547178, 0xc0001ac460}, {0x445fd00, 0x453d440}, {0xc000052a18, 0x2, 0xc0001ac4a0})
	/Users/shimpei/go/src/todo_app/app/controllers/server.go:17 +0xf9
todo_app/app/controllers.top({0x4547178, 0xc0001ac460}, 0x0)
	/Users/shimpei/go/src/todo_app/app/controllers/route_main.go:8 +0x76
net/http.HandlerFunc.ServeHTTP(0x0, {0x4547178, 0xc0001ac460}, 0x0)
	/usr/local/go/src/net/http/server.go:2047 +0x2f
net/http.(*ServeMux).ServeHTTP(0x0, {0x4547178, 0xc0001ac460}, 0xc000254000)
	/usr/local/go/src/net/http/server.go:2425 +0x149
net/http.serverHandler.ServeHTTP({0xc000076570}, {0x4547178, 0xc0001ac460}, 0xc000254000)
	/usr/local/go/src/net/http/server.go:2879 +0x43b
net/http.(*conn).serve(0xc0002520a0, {0x4548a40, 0xc00009b530})
	/usr/local/go/src/net/http/server.go:1930 +0xb08
created by net/http.(*Server).Serve
	/usr/local/go/src/net/http/server.go:3034 +0x4e8
2022/03/17 19:27:11 server.go:3160: http: panic serving 127.0.0.1:50023: template: layout.html:12: function "tempate" not defined
goroutine 9 [running]:
net/http.(*conn).serve.func1()
	/usr/local/go/src/net/http/server.go:1802 +0xb9
panic({0x446f280, 0xc000012260})
	/usr/local/go/src/runtime/panic.go:1047 +0x266
html/template.Must(...)
	/usr/local/go/src/html/template/template.go:374
todo_app/app/controllers.generateHTML({0x4547178, 0xc0002480e0}, {0x445fd00, 0x453d440}, {0xc000055a18, 0x2, 0xc000248120})
	/Users/shimpei/go/src/todo_app/app/controllers/server.go:17 +0xf9
todo_app/app/controllers.top({0x4547178, 0xc0002480e0}, 0x0)
	/Users/shimpei/go/src/todo_app/app/controllers/route_main.go:8 +0x76
net/http.HandlerFunc.ServeHTTP(0x0, {0x4547178, 0xc0002480e0}, 0x0)
	/usr/local/go/src/net/http/server.go:2047 +0x2f
net/http.(*ServeMux).ServeHTTP(0x0, {0x4547178, 0xc0002480e0}, 0xc000254100)
	/usr/local/go/src/net/http/server.go:2425 +0x149
net/http.serverHandler.ServeHTTP({0xc000076630}, {0x4547178, 0xc0002480e0}, 0xc000254100)
	/usr/local/go/src/net/http/server.go:2879 +0x43b
net/http.(*conn).serve(0xc000252140, {0x4548a40, 0xc00009b530})
	/usr/local/go/src/net/http/server.go:1930 +0xb08
created by net/http.(*Server).Serve
	/usr/local/go/src/net/http/server.go:3034 +0x4e8
2022/03/17 19:27:12 server.go:3160: http: panic serving 127.0.0.1:50024: template: layout.html:12: function "tempate" not defined
goroutine 27 [running]:
net/http.(*conn).serve.func1()
	/usr/local/go/src/net/http/server.go:1802 +0xb9
panic({0x446f280, 0xc000099250})
	/usr/local/go/src/runtime/panic.go:1047 +0x266
html/template.Must(...)
	/usr/local/go/src/html/template/template.go:374
todo_app/app/controllers.generateHTML({0x4547178, 0xc0001121c0}, {0x445fd00, 0x453d440}, {0xc000182a18, 0x2, 0xc000112200})
	/Users/shimpei/go/src/todo_app/app/controllers/server.go:17 +0xf9
todo_app/app/controllers.top({0x4547178, 0xc0001121c0}, 0x0)
	/Users/shimpei/go/src/todo_app/app/controllers/route_main.go:8 +0x76
net/http.HandlerFunc.ServeHTTP(0x0, {0x4547178, 0xc0001121c0}, 0x0)
	/usr/local/go/src/net/http/server.go:2047 +0x2f
net/http.(*ServeMux).ServeHTTP(0x0, {0x4547178, 0xc0001121c0}, 0xc00010a700)
	/usr/local/go/src/net/http/server.go:2425 +0x149
net/http.serverHandler.ServeHTTP({0xc00009bef0}, {0x4547178, 0xc0001121c0}, 0xc00010a700)
	/usr/local/go/src/net/http/server.go:2879 +0x43b
net/http.(*conn).serve(0xc0000b7680, {0x4548a40, 0xc00009b530})
	/usr/local/go/src/net/http/server.go:1930 +0xb08
created by net/http.(*Server).Serve
	/usr/local/go/src/net/http/server.go:3034 +0x4e8
2022/03/17 19:27:12 server.go:3160: http: panic serving 127.0.0.1:50025: template: layout.html:12: function "tempate" not defined
goroutine 28 [running]:
net/http.(*conn).serve.func1()
	/usr/local/go/src/net/http/server.go:1802 +0xb9
panic({0x446f280, 0xc0001925b0})
	/usr/local/go/src/runtime/panic.go:1047 +0x266
html/template.Must(...)
	/usr/local/go/src/html/template/template.go:374
todo_app/app/controllers.generateHTML({0x4547178, 0xc0001122a0}, {0x445fd00, 0x453d440}, {0xc000053a18, 0x2, 0xc0001122e0})
	/Users/shimpei/go/src/todo_app/app/controllers/server.go:17 +0xf9
todo_app/app/controllers.top({0x4547178, 0xc0001122a0}, 0x0)
	/Users/shimpei/go/src/todo_app/app/controllers/route_main.go:8 +0x76
net/http.HandlerFunc.ServeHTTP(0x0, {0x4547178, 0xc0001122a0}, 0x0)
	/usr/local/go/src/net/http/server.go:2047 +0x2f
net/http.(*ServeMux).ServeHTTP(0x0, {0x4547178, 0xc0001122a0}, 0xc00010a600)
	/usr/local/go/src/net/http/server.go:2425 +0x149
net/http.serverHandler.ServeHTTP({0xc00009be90}, {0x4547178, 0xc0001122a0}, 0xc00010a600)
	/usr/local/go/src/net/http/server.go:2879 +0x43b
net/http.(*conn).serve(0xc0000b7720, {0x4548a40, 0xc00009b530})
	/usr/local/go/src/net/http/server.go:1930 +0xb08
created by net/http.(*Server).Serve
	/usr/local/go/src/net/http/server.go:3034 +0x4e8
2022/03/17 19:27:12 server.go:3160: http: panic serving 127.0.0.1:50026: template: layout.html:12: function "tempate" not defined
goroutine 12 [running]:
net/http.(*conn).serve.func1()
	/usr/local/go/src/net/http/server.go:1802 +0xb9
panic({0x446f280, 0xc000012360})
	/usr/local/go/src/runtime/panic.go:1047 +0x266
html/template.Must(...)
	/usr/local/go/src/html/template/template.go:374
todo_app/app/controllers.generateHTML({0x4547178, 0xc0002481c0}, {0x445fd00, 0x453d440}, {0xc000055a18, 0x2, 0xc000248200})
	/Users/shimpei/go/src/todo_app/app/controllers/server.go:17 +0xf9
todo_app/app/controllers.top({0x4547178, 0xc0002481c0}, 0x0)
	/Users/shimpei/go/src/todo_app/app/controllers/route_main.go:8 +0x76
net/http.HandlerFunc.ServeHTTP(0x0, {0x4547178, 0xc0002481c0}, 0x0)
	/usr/local/go/src/net/http/server.go:2047 +0x2f
net/http.(*ServeMux).ServeHTTP(0x0, {0x4547178, 0xc0002481c0}, 0xc000254300)
	/usr/local/go/src/net/http/server.go:2425 +0x149
net/http.serverHandler.ServeHTTP({0xc000076ab0}, {0x4547178, 0xc0002481c0}, 0xc000254300)
	/usr/local/go/src/net/http/server.go:2879 +0x43b
net/http.(*conn).serve(0xc0002521e0, {0x4548a40, 0xc00009b530})
	/usr/local/go/src/net/http/server.go:1930 +0xb08
created by net/http.(*Server).Serve
	/usr/local/go/src/net/http/server.go:3034 +0x4e8
2022/03/17 19:27:18 server.go:3160: http: panic serving 127.0.0.1:50028: template: layout.html:12: function "tempate" not defined
goroutine 33 [running]:
net/http.(*conn).serve.func1()
	/usr/local/go/src/net/http/server.go:1802 +0xb9
panic({0x446f280, 0xc000012450})
	/usr/local/go/src/runtime/panic.go:1047 +0x266
html/template.Must(...)
	/usr/local/go/src/html/template/template.go:374
todo_app/app/controllers.generateHTML({0x4547178, 0xc0002482a0}, {0x445fd00, 0x453d440}, {0xc000182a18, 0x2, 0xc0002482e0})
	/Users/shimpei/go/src/todo_app/app/controllers/server.go:17 +0xf9
todo_app/app/controllers.top({0x4547178, 0xc0002482a0}, 0x0)
	/Users/shimpei/go/src/todo_app/app/controllers/route_main.go:8 +0x76
net/http.HandlerFunc.ServeHTTP(0x0, {0x4547178, 0xc0002482a0}, 0x0)
	/usr/local/go/src/net/http/server.go:2047 +0x2f
net/http.(*ServeMux).ServeHTTP(0x0, {0x4547178, 0xc0002482a0}, 0xc00010a900)
	/usr/local/go/src/net/http/server.go:2425 +0x149
net/http.serverHandler.ServeHTTP({0xc0001467b0}, {0x4547178, 0xc0002482a0}, 0xc00010a900)
	/usr/local/go/src/net/http/server.go:2879 +0x43b
net/http.(*conn).serve(0xc0000b77c0, {0x4548a40, 0xc00009b530})
	/usr/local/go/src/net/http/server.go:1930 +0xb08
created by net/http.(*Server).Serve
	/usr/local/go/src/net/http/server.go:3034 +0x4e8
2022/03/17 19:27:18 server.go:3160: http: panic serving 127.0.0.1:50029: template: layout.html:12: function "tempate" not defined
goroutine 50 [running]:
net/http.(*conn).serve.func1()
	/usr/local/go/src/net/http/server.go:1802 +0xb9
panic({0x446f280, 0xc0001926a0})
	/usr/local/go/src/runtime/panic.go:1047 +0x266
html/template.Must(...)
	/usr/local/go/src/html/template/template.go:374
todo_app/app/controllers.generateHTML({0x4547178, 0xc0001ac540}, {0x445fd00, 0x453d440}, {0xc000053a18, 0x2, 0xc0001ac580})
	/Users/shimpei/go/src/todo_app/app/controllers/server.go:17 +0xf9
todo_app/app/controllers.top({0x4547178, 0xc0001ac540}, 0x0)
	/Users/shimpei/go/src/todo_app/app/controllers/route_main.go:8 +0x76
net/http.HandlerFunc.ServeHTTP(0x0, {0x4547178, 0xc0001ac540}, 0x0)
	/usr/local/go/src/net/http/server.go:2047 +0x2f
net/http.(*ServeMux).ServeHTTP(0x0, {0x4547178, 0xc0001ac540}, 0xc00010a800)
	/usr/local/go/src/net/http/server.go:2425 +0x149
net/http.serverHandler.ServeHTTP({0xc000146750}, {0x4547178, 0xc0001ac540}, 0xc00010a800)
	/usr/local/go/src/net/http/server.go:2879 +0x43b
net/http.(*conn).serve(0xc0000b7860, {0x4548a40, 0xc00009b530})
	/usr/local/go/src/net/http/server.go:1930 +0xb08
created by net/http.(*Server).Serve
	/usr/local/go/src/net/http/server.go:3034 +0x4e8
2022/03/17 19:27:18 server.go:3160: http: panic serving 127.0.0.1:50030: template: layout.html:12: function "tempate" not defined
goroutine 51 [running]:
net/http.(*conn).serve.func1()
	/usr/local/go/src/net/http/server.go:1802 +0xb9
panic({0x446f280, 0xc0000993f0})
	/usr/local/go/src/runtime/panic.go:1047 +0x266
html/template.Must(...)
	/usr/local/go/src/html/template/template.go:374
todo_app/app/controllers.generateHTML({0x4547178, 0xc000112380}, {0x445fd00, 0x453d440}, {0xc000183a18, 0x2, 0xc0001123c0})
	/Users/shimpei/go/src/todo_app/app/controllers/server.go:17 +0xf9
todo_app/app/controllers.top({0x4547178, 0xc000112380}, 0x0)
	/Users/shimpei/go/src/todo_app/app/controllers/route_main.go:8 +0x76
net/http.HandlerFunc.ServeHTTP(0x0, {0x4547178, 0xc000112380}, 0x0)
	/usr/local/go/src/net/http/server.go:2047 +0x2f
net/http.(*ServeMux).ServeHTTP(0x0, {0x4547178, 0xc000112380}, 0xc00010aa00)
	/usr/local/go/src/net/http/server.go:2425 +0x149
net/http.serverHandler.ServeHTTP({0xc000146870}, {0x4547178, 0xc000112380}, 0xc00010aa00)
	/usr/local/go/src/net/http/server.go:2879 +0x43b
net/http.(*conn).serve(0xc0000b7900, {0x4548a40, 0xc00009b530})
	/usr/local/go/src/net/http/server.go:1930 +0xb08
created by net/http.(*Server).Serve
	/usr/local/go/src/net/http/server.go:3034 +0x4e8
2022/03/17 19:27:48 server.go:3160: http: panic serving 127.0.0.1:50031: template: layout.html:12: function "tempate" not defined
goroutine 66 [running]:
net/http.(*conn).serve.func1()
	/usr/local/go/src/net/http/server.go:1802 +0xb9
panic({0x446f280, 0xc000012560})
	/usr/local/go/src/runtime/panic.go:1047 +0x266
html/template.Must(...)
	/usr/local/go/src/html/template/template.go:374
todo_app/app/controllers.generateHTML({0x4547178, 0xc000248380}, {0x445fd00, 0x453d440}, {0xc000055a18, 0x2, 0xc0002483c0})
	/Users/shimpei/go/src/todo_app/app/controllers/server.go:17 +0xf9
todo_app/app/controllers.top({0x4547178, 0xc000248380}, 0x0)
	/Users/shimpei/go/src/todo_app/app/controllers/route_main.go:8 +0x76
net/http.HandlerFunc.ServeHTTP(0x0, {0x4547178, 0xc000248380}, 0x0)
	/usr/local/go/src/net/http/server.go:2047 +0x2f
net/http.(*ServeMux).ServeHTTP(0x0, {0x4547178, 0xc000248380}, 0xc000254500)
	/usr/local/go/src/net/http/server.go:2425 +0x149
net/http.serverHandler.ServeHTTP({0xc000077440}, {0x4547178, 0xc000248380}, 0xc000254500)
	/usr/local/go/src/net/http/server.go:2879 +0x43b
net/http.(*conn).serve(0xc000252280, {0x4548a40, 0xc00009b530})
	/usr/local/go/src/net/http/server.go:1930 +0xb08
created by net/http.(*Server).Serve
	/usr/local/go/src/net/http/server.go:3034 +0x4e8
2022/03/17 19:28:16 server.go:3160: http: panic serving 127.0.0.1:50035: template: layout.html:12: function "tempate" not defined
goroutine 7 [running]:
net/http.(*conn).serve.func1()
	/usr/local/go/src/net/http/server.go:1802 +0xb9
panic({0x446f280, 0xc000013080})
	/usr/local/go/src/runtime/panic.go:1047 +0x266
html/template.Must(...)
	/usr/local/go/src/html/template/template.go:374
todo_app/app/controllers.generateHTML({0x4547178, 0xc0000b2000}, {0x445fd00, 0x453d440}, {0xc000051a18, 0x2, 0xc0000b2040})
	/Users/shimpei/go/src/todo_app/app/controllers/server.go:17 +0xf9
todo_app/app/controllers.top({0x4547178, 0xc0000b2000}, 0x0)
	/Users/shimpei/go/src/todo_app/app/controllers/route_main.go:8 +0x76
net/http.HandlerFunc.ServeHTTP(0x0, {0x4547178, 0xc0000b2000}, 0x0)
	/usr/local/go/src/net/http/server.go:2047 +0x2f
net/http.(*ServeMux).ServeHTTP(0x0, {0x4547178, 0xc0000b2000}, 0xc00009c000)
	/usr/local/go/src/net/http/server.go:2425 +0x149
net/http.serverHandler.ServeHTTP({0xc000094030}, {0x4547178, 0xc0000b2000}, 0xc00009c000)
	/usr/local/go/src/net/http/server.go:2879 +0x43b
net/http.(*conn).serve(0xc00010f360, {0x4548a40, 0xc00007f530})
	/usr/local/go/src/net/http/server.go:1930 +0xb08
created by net/http.(*Server).Serve
	/usr/local/go/src/net/http/server.go:3034 +0x4e8
2022/03/17 19:28:16 server.go:3160: http: panic serving 127.0.0.1:50036: template: layout.html:12: function "tempate" not defined
goroutine 8 [running]:
net/http.(*conn).serve.func1()
	/usr/local/go/src/net/http/server.go:1802 +0xb9
panic({0x446f280, 0xc000098100})
	/usr/local/go/src/runtime/panic.go:1047 +0x266
html/template.Must(...)
	/usr/local/go/src/html/template/template.go:374
todo_app/app/controllers.generateHTML({0x4547178, 0xc00015c0e0}, {0x445fd00, 0x453d440}, {0xc000117a18, 0x2, 0xc00015c120})
	/Users/shimpei/go/src/todo_app/app/controllers/server.go:17 +0xf9
todo_app/app/controllers.top({0x4547178, 0xc00015c0e0}, 0x0)
	/Users/shimpei/go/src/todo_app/app/controllers/route_main.go:8 +0x76
net/http.HandlerFunc.ServeHTTP(0x0, {0x4547178, 0xc00015c0e0}, 0x0)
	/usr/local/go/src/net/http/server.go:2047 +0x2f
net/http.(*ServeMux).ServeHTTP(0x0, {0x4547178, 0xc00015c0e0}, 0xc000154100)
	/usr/local/go/src/net/http/server.go:2425 +0x149
net/http.serverHandler.ServeHTTP({0xc00007f680}, {0x4547178, 0xc00015c0e0}, 0xc000154100)
	/usr/local/go/src/net/http/server.go:2879 +0x43b
net/http.(*conn).serve(0xc00010f400, {0x4548a40, 0xc00007f530})
	/usr/local/go/src/net/http/server.go:1930 +0xb08
created by net/http.(*Server).Serve
	/usr/local/go/src/net/http/server.go:3034 +0x4e8
2022/03/17 19:28:16 server.go:3160: http: panic serving 127.0.0.1:50037: template: layout.html:12: function "tempate" not defined
goroutine 11 [running]:
net/http.(*conn).serve.func1()
	/usr/local/go/src/net/http/server.go:1802 +0xb9
panic({0x446f280, 0xc000013200})
	/usr/local/go/src/runtime/panic.go:1047 +0x266
html/template.Must(...)
	/usr/local/go/src/html/template/template.go:374
todo_app/app/controllers.generateHTML({0x4547178, 0xc00015c1c0}, {0x445fd00, 0x453d440}, {0xc000055a18, 0x2, 0xc00015c200})
	/Users/shimpei/go/src/todo_app/app/controllers/server.go:17 +0xf9
todo_app/app/controllers.top({0x4547178, 0xc00015c1c0}, 0x0)
	/Users/shimpei/go/src/todo_app/app/controllers/route_main.go:8 +0x76
net/http.HandlerFunc.ServeHTTP(0x0, {0x4547178, 0xc00015c1c0}, 0x0)
	/usr/local/go/src/net/http/server.go:2047 +0x2f
net/http.(*ServeMux).ServeHTTP(0x0, {0x4547178, 0xc00015c1c0}, 0xc000154200)
	/usr/local/go/src/net/http/server.go:2425 +0x149
net/http.serverHandler.ServeHTTP({0xc00007fad0}, {0x4547178, 0xc00015c1c0}, 0xc000154200)
	/usr/local/go/src/net/http/server.go:2879 +0x43b
net/http.(*conn).serve(0xc00010f4a0, {0x4548a40, 0xc00007f530})
	/usr/local/go/src/net/http/server.go:1930 +0xb08
created by net/http.(*Server).Serve
	/usr/local/go/src/net/http/server.go:3034 +0x4e8
2022/03/17 20:08:16 server.go:3160: http: panic serving 127.0.0.1:50155: template: login.html:1: unrecognized character in action: U+200C
goroutine 20 [running]:
net/http.(*conn).serve.func1()
	/usr/local/go/src/net/http/server.go:1802 +0xb9
panic({0x4473980, 0xc00009b3e0})
	/usr/local/go/src/runtime/panic.go:1047 +0x266
html/template.Must(...)
	/usr/local/go/src/html/template/template.go:374
todo_app/app/controllers.generateHTML({0x454c338, 0xc0001122a0}, {0x0, 0x0}, {0xc00012da08, 0x3, 0x424f545})
	/Users/shimpei/go/src/todo_app/app/controllers/server.go:17 +0xf9
todo_app/app/controllers.login({0x454c338, 0xc0001122a0}, 0x0)
	/Users/shimpei/go/src/todo_app/app/controllers/route_auth.go:30 +0x91
net/http.HandlerFunc.ServeHTTP(0x0, {0x454c338, 0xc0001122a0}, 0x0)
	/usr/local/go/src/net/http/server.go:2047 +0x2f
net/http.(*ServeMux).ServeHTTP(0x0, {0x454c338, 0xc0001122a0}, 0xc000104600)
	/usr/local/go/src/net/http/server.go:2425 +0x149
net/http.serverHandler.ServeHTTP({0xc00018e030}, {0x454c338, 0xc0001122a0}, 0xc000104600)
	/usr/local/go/src/net/http/server.go:2879 +0x43b
net/http.(*conn).serve(0xc0000b9400, {0x454dc00, 0xc00009d530})
	/usr/local/go/src/net/http/server.go:1930 +0xb08
created by net/http.(*Server).Serve
	/usr/local/go/src/net/http/server.go:3034 +0x4e8
2022/03/17 20:08:16 server.go:3160: http: panic serving 127.0.0.1:50156: template: login.html:1: unrecognized character in action: U+200C
goroutine 21 [running]:
net/http.(*conn).serve.func1()
	/usr/local/go/src/net/http/server.go:1802 +0xb9
panic({0x4473980, 0xc00009b560})
	/usr/local/go/src/runtime/panic.go:1047 +0x266
html/template.Must(...)
	/usr/local/go/src/html/template/template.go:374
todo_app/app/controllers.generateHTML({0x454c338, 0xc000112380}, {0x0, 0x0}, {0xc0000c1a08, 0x3, 0x424f545})
	/Users/shimpei/go/src/todo_app/app/controllers/server.go:17 +0xf9
todo_app/app/controllers.login({0x454c338, 0xc000112380}, 0x0)
	/Users/shimpei/go/src/todo_app/app/controllers/route_auth.go:30 +0x91
net/http.HandlerFunc.ServeHTTP(0x0, {0x454c338, 0xc000112380}, 0x0)
	/usr/local/go/src/net/http/server.go:2047 +0x2f
net/http.(*ServeMux).ServeHTTP(0x0, {0x454c338, 0xc000112380}, 0xc000104100)
	/usr/local/go/src/net/http/server.go:2425 +0x149
net/http.serverHandler.ServeHTTP({0xc00009d680}, {0x454c338, 0xc000112380}, 0xc000104100)
	/usr/local/go/src/net/http/server.go:2879 +0x43b
net/http.(*conn).serve(0xc0000b94a0, {0x454dc00, 0xc00009d530})
	/usr/local/go/src/net/http/server.go:1930 +0xb08
created by net/http.(*Server).Serve
	/usr/local/go/src/net/http/server.go:3034 +0x4e8
2022/03/17 20:08:16 server.go:3160: http: panic serving 127.0.0.1:50158: template: login.html:1: unrecognized character in action: U+200C
goroutine 50 [running]:
net/http.(*conn).serve.func1()
	/usr/local/go/src/net/http/server.go:1802 +0xb9
panic({0x4473980, 0xc000212180})
	/usr/local/go/src/runtime/panic.go:1047 +0x266
html/template.Must(...)
	/usr/local/go/src/html/template/template.go:374
todo_app/app/controllers.generateHTML({0x454c338, 0xc00022a000}, {0x0, 0x0}, {0xc000237a08, 0x3, 0x424f545})
	/Users/shimpei/go/src/todo_app/app/controllers/server.go:17 +0xf9
todo_app/app/controllers.login({0x454c338, 0xc00022a000}, 0x0)
	/Users/shimpei/go/src/todo_app/app/controllers/route_auth.go:30 +0x91
net/http.HandlerFunc.ServeHTTP(0x0, {0x454c338, 0xc00022a000}, 0x0)
	/usr/local/go/src/net/http/server.go:2047 +0x2f
net/http.(*ServeMux).ServeHTTP(0x0, {0x454c338, 0xc00022a000}, 0xc000216000)
	/usr/local/go/src/net/http/server.go:2425 +0x149
net/http.serverHandler.ServeHTTP({0xc000206090}, {0x454c338, 0xc00022a000}, 0xc000216000)
	/usr/local/go/src/net/http/server.go:2879 +0x43b
net/http.(*conn).serve(0xc00020a000, {0x454dc00, 0xc00009d530})
	/usr/local/go/src/net/http/server.go:1930 +0xb08
created by net/http.(*Server).Serve
	/usr/local/go/src/net/http/server.go:3034 +0x4e8
2022/03/17 20:08:17 server.go:3160: http: panic serving 127.0.0.1:50159: template: login.html:1: unrecognized character in action: U+200C
goroutine 55 [running]:
net/http.(*conn).serve.func1()
	/usr/local/go/src/net/http/server.go:1802 +0xb9
panic({0x4473980, 0xc000192190})
	/usr/local/go/src/runtime/panic.go:1047 +0x266
html/template.Must(...)
	/usr/local/go/src/html/template/template.go:374
todo_app/app/controllers.generateHTML({0x454c338, 0xc0001ce000}, {0x0, 0x0}, {0xc000187a08, 0x3, 0x424f545})
	/Users/shimpei/go/src/todo_app/app/controllers/server.go:17 +0xf9
todo_app/app/controllers.login({0x454c338, 0xc0001ce000}, 0x0)
	/Users/shimpei/go/src/todo_app/app/controllers/route_auth.go:30 +0x91
net/http.HandlerFunc.ServeHTTP(0x0, {0x454c338, 0xc0001ce000}, 0x0)
	/usr/local/go/src/net/http/server.go:2047 +0x2f
net/http.(*ServeMux).ServeHTTP(0x0, {0x454c338, 0xc0001ce000}, 0xc000104a00)
	/usr/local/go/src/net/http/server.go:2425 +0x149
net/http.serverHandler.ServeHTTP({0xc000135350}, {0x454c338, 0xc0001ce000}, 0xc000104a00)
	/usr/local/go/src/net/http/server.go:2879 +0x43b
net/http.(*conn).serve(0xc00020a0a0, {0x454dc00, 0xc00009d530})
	/usr/local/go/src/net/http/server.go:1930 +0xb08
created by net/http.(*Server).Serve
	/usr/local/go/src/net/http/server.go:3034 +0x4e8
2022/03/17 20:08:17 server.go:3160: http: panic serving 127.0.0.1:50160: template: login.html:1: unrecognized character in action: U+200C
goroutine 56 [running]:
net/http.(*conn).serve.func1()
	/usr/local/go/src/net/http/server.go:1802 +0xb9
panic({0x4473980, 0xc000212320})
	/usr/local/go/src/runtime/panic.go:1047 +0x266
html/template.Must(...)
	/usr/local/go/src/html/template/template.go:374
todo_app/app/controllers.generateHTML({0x454c338, 0xc00022a0e0}, {0x0, 0x0}, {0xc000182a08, 0x3, 0x424f545})
	/Users/shimpei/go/src/todo_app/app/controllers/server.go:17 +0xf9
todo_app/app/controllers.login({0x454c338, 0xc00022a0e0}, 0x0)
	/Users/shimpei/go/src/todo_app/app/controllers/route_auth.go:30 +0x91
net/http.HandlerFunc.ServeHTTP(0x0, {0x454c338, 0xc00022a0e0}, 0x0)
	/usr/local/go/src/net/http/server.go:2047 +0x2f
net/http.(*ServeMux).ServeHTTP(0x0, {0x454c338, 0xc00022a0e0}, 0xc000216200)
	/usr/local/go/src/net/http/server.go:2425 +0x149
net/http.serverHandler.ServeHTTP({0xc000206840}, {0x454c338, 0xc00022a0e0}, 0xc000216200)
	/usr/local/go/src/net/http/server.go:2879 +0x43b
net/http.(*conn).serve(0xc00020a140, {0x454dc00, 0xc00009d530})
	/usr/local/go/src/net/http/server.go:1930 +0xb08
created by net/http.(*Server).Serve
	/usr/local/go/src/net/http/server.go:3034 +0x4e8
2022/03/17 20:08:17 server.go:3160: http: panic serving 127.0.0.1:50161: template: login.html:1: unrecognized character in action: U+200C
goroutine 35 [running]:
net/http.(*conn).serve.func1()
	/usr/local/go/src/net/http/server.go:1802 +0xb9
panic({0x4473980, 0xc0002124b0})
	/usr/local/go/src/runtime/panic.go:1047 +0x266
html/template.Must(...)
	/usr/local/go/src/html/template/template.go:374
todo_app/app/controllers.generateHTML({0x454c338, 0xc00022a1c0}, {0x0, 0x0}, {0xc000050a08, 0x3, 0x424f545})
	/Users/shimpei/go/src/todo_app/app/controllers/server.go:17 +0xf9
todo_app/app/controllers.login({0x454c338, 0xc00022a1c0}, 0x0)
	/Users/shimpei/go/src/todo_app/app/controllers/route_auth.go:30 +0x91
net/http.HandlerFunc.ServeHTTP(0x0, {0x454c338, 0xc00022a1c0}, 0x0)
	/usr/local/go/src/net/http/server.go:2047 +0x2f
net/http.(*ServeMux).ServeHTTP(0x0, {0x454c338, 0xc00022a1c0}, 0xc000104b00)
	/usr/local/go/src/net/http/server.go:2425 +0x149
net/http.serverHandler.ServeHTTP({0xc000135410}, {0x454c338, 0xc00022a1c0}, 0xc000104b00)
	/usr/local/go/src/net/http/server.go:2879 +0x43b
net/http.(*conn).serve(0xc0000b9680, {0x454dc00, 0xc00009d530})
	/usr/local/go/src/net/http/server.go:1930 +0xb08
created by net/http.(*Server).Serve
	/usr/local/go/src/net/http/server.go:3034 +0x4e8
2022/03/17 20:08:22 server.go:3160: http: panic serving 127.0.0.1:50162: template: login.html:1: unrecognized character in action: U+200C
goroutine 36 [running]:
net/http.(*conn).serve.func1()
	/usr/local/go/src/net/http/server.go:1802 +0xb9
panic({0x4473980, 0xc000212640})
	/usr/local/go/src/runtime/panic.go:1047 +0x266
html/template.Must(...)
	/usr/local/go/src/html/template/template.go:374
todo_app/app/controllers.generateHTML({0x454c338, 0xc00022a2a0}, {0x0, 0x0}, {0xc000052a08, 0x3, 0x424f545})
	/Users/shimpei/go/src/todo_app/app/controllers/server.go:17 +0xf9
todo_app/app/controllers.login({0x454c338, 0xc00022a2a0}, 0x0)
	/Users/shimpei/go/src/todo_app/app/controllers/route_auth.go:30 +0x91
net/http.HandlerFunc.ServeHTTP(0x0, {0x454c338, 0xc00022a2a0}, 0x0)
	/usr/local/go/src/net/http/server.go:2047 +0x2f
net/http.(*ServeMux).ServeHTTP(0x0, {0x454c338, 0xc00022a2a0}, 0xc000104d00)
	/usr/local/go/src/net/http/server.go:2425 +0x149
net/http.serverHandler.ServeHTTP({0xc0001355c0}, {0x454c338, 0xc00022a2a0}, 0xc000104d00)
	/usr/local/go/src/net/http/server.go:2879 +0x43b
net/http.(*conn).serve(0xc0000b9720, {0x454dc00, 0xc00009d530})
	/usr/local/go/src/net/http/server.go:1930 +0xb08
created by net/http.(*Server).Serve
	/usr/local/go/src/net/http/server.go:3034 +0x4e8
2022/03/17 20:08:22 server.go:3160: http: panic serving 127.0.0.1:50163: template: login.html:1: unrecognized character in action: U+200C
goroutine 37 [running]:
net/http.(*conn).serve.func1()
	/usr/local/go/src/net/http/server.go:1802 +0xb9
panic({0x4473980, 0xc000192290})
	/usr/local/go/src/runtime/panic.go:1047 +0x266
html/template.Must(...)
	/usr/local/go/src/html/template/template.go:374
todo_app/app/controllers.generateHTML({0x454c338, 0xc000112460}, {0x0, 0x0}, {0xc000051a08, 0x3, 0x424f545})
	/Users/shimpei/go/src/todo_app/app/controllers/server.go:17 +0xf9
todo_app/app/controllers.login({0x454c338, 0xc000112460}, 0x0)
	/Users/shimpei/go/src/todo_app/app/controllers/route_auth.go:30 +0x91
net/http.HandlerFunc.ServeHTTP(0x0, {0x454c338, 0xc000112460}, 0x0)
	/usr/local/go/src/net/http/server.go:2047 +0x2f
net/http.(*ServeMux).ServeHTTP(0x0, {0x454c338, 0xc000112460}, 0xc000104c00)
	/usr/local/go/src/net/http/server.go:2425 +0x149
net/http.serverHandler.ServeHTTP({0xc000135560}, {0x454c338, 0xc000112460}, 0xc000104c00)
	/usr/local/go/src/net/http/server.go:2879 +0x43b
net/http.(*conn).serve(0xc0000b97c0, {0x454dc00, 0xc00009d530})
	/usr/local/go/src/net/http/server.go:1930 +0xb08
created by net/http.(*Server).Serve
	/usr/local/go/src/net/http/server.go:3034 +0x4e8
2022/03/17 20:08:22 server.go:3160: http: panic serving 127.0.0.1:50164: template: login.html:1: unrecognized character in action: U+200C
goroutine 40 [running]:
net/http.(*conn).serve.func1()
	/usr/local/go/src/net/http/server.go:1802 +0xb9
panic({0x4473980, 0xc000192420})
	/usr/local/go/src/runtime/panic.go:1047 +0x266
html/template.Must(...)
	/usr/local/go/src/html/template/template.go:374
todo_app/app/controllers.generateHTML({0x454c338, 0xc0001ce0e0}, {0x0, 0x0}, {0xc000051a08, 0x3, 0x424f545})
	/Users/shimpei/go/src/todo_app/app/controllers/server.go:17 +0xf9
todo_app/app/controllers.login({0x454c338, 0xc0001ce0e0}, 0x0)
	/Users/shimpei/go/src/todo_app/app/controllers/route_auth.go:30 +0x91
net/http.HandlerFunc.ServeHTTP(0x0, {0x454c338, 0xc0001ce0e0}, 0x0)
	/usr/local/go/src/net/http/server.go:2047 +0x2f
net/http.(*ServeMux).ServeHTTP(0x0, {0x454c338, 0xc0001ce0e0}, 0xc000104e00)
	/usr/local/go/src/net/http/server.go:2425 +0x149
net/http.serverHandler.ServeHTTP({0xc0001359b0}, {0x454c338, 0xc0001ce0e0}, 0xc000104e00)
	/usr/local/go/src/net/http/server.go:2879 +0x43b
net/http.(*conn).serve(0xc0000b9860, {0x454dc00, 0xc00009d530})
	/usr/local/go/src/net/http/server.go:1930 +0xb08
created by net/http.(*Server).Serve
	/usr/local/go/src/net/http/server.go:3034 +0x4e8
2022/03/17 20:08:52 server.go:3160: http: panic serving 127.0.0.1:50165: template: login.html:1: unrecognized character in action: U+200C
goroutine 41 [running]:
net/http.(*conn).serve.func1()
	/usr/local/go/src/net/http/server.go:1802 +0xb9
panic({0x4473980, 0xc0002127d0})
	/usr/local/go/src/runtime/panic.go:1047 +0x266
html/template.Must(...)
	/usr/local/go/src/html/template/template.go:374
todo_app/app/controllers.generateHTML({0x454c338, 0xc00022a380}, {0x0, 0x0}, {0xc00015ca08, 0x3, 0x424f545})
	/Users/shimpei/go/src/todo_app/app/controllers/server.go:17 +0xf9
todo_app/app/controllers.login({0x454c338, 0xc00022a380}, 0x0)
	/Users/shimpei/go/src/todo_app/app/controllers/route_auth.go:30 +0x91
net/http.HandlerFunc.ServeHTTP(0x0, {0x454c338, 0xc00022a380}, 0x0)
	/usr/local/go/src/net/http/server.go:2047 +0x2f
net/http.(*ServeMux).ServeHTTP(0x0, {0x454c338, 0xc00022a380}, 0xc000105000)
	/usr/local/go/src/net/http/server.go:2425 +0x149
net/http.serverHandler.ServeHTTP({0xc000135b30}, {0x454c338, 0xc00022a380}, 0xc000105000)
	/usr/local/go/src/net/http/server.go:2879 +0x43b
net/http.(*conn).serve(0xc0000b9900, {0x454dc00, 0xc00009d530})
	/usr/local/go/src/net/http/server.go:1930 +0xb08
created by net/http.(*Server).Serve
	/usr/local/go/src/net/http/server.go:3034 +0x4e8
2022/03/17 20:08:52 server.go:3160: http: panic serving 127.0.0.1:50166: template: login.html:1: unrecognized character in action: U+200C
goroutine 42 [running]:
net/http.(*conn).serve.func1()
	/usr/local/go/src/net/http/server.go:1802 +0xb9
panic({0x4473980, 0xc000192520})
	/usr/local/go/src/runtime/panic.go:1047 +0x266
html/template.Must(...)
	/usr/local/go/src/html/template/template.go:374
todo_app/app/controllers.generateHTML({0x454c338, 0xc00022a460}, {0x0, 0x0}, {0xc000053a08, 0x3, 0x424f545})
	/Users/shimpei/go/src/todo_app/app/controllers/server.go:17 +0xf9
todo_app/app/controllers.login({0x454c338, 0xc00022a460}, 0x0)
	/Users/shimpei/go/src/todo_app/app/controllers/route_auth.go:30 +0x91
net/http.HandlerFunc.ServeHTTP(0x0, {0x454c338, 0xc00022a460}, 0x0)
	/usr/local/go/src/net/http/server.go:2047 +0x2f
net/http.(*ServeMux).ServeHTTP(0x0, {0x454c338, 0xc00022a460}, 0xc000104f00)
	/usr/local/go/src/net/http/server.go:2425 +0x149
net/http.serverHandler.ServeHTTP({0xc000135ad0}, {0x454c338, 0xc00022a460}, 0xc000104f00)
	/usr/local/go/src/net/http/server.go:2879 +0x43b
net/http.(*conn).serve(0xc0000b99a0, {0x454dc00, 0xc00009d530})
	/usr/local/go/src/net/http/server.go:1930 +0xb08
created by net/http.(*Server).Serve
	/usr/local/go/src/net/http/server.go:3034 +0x4e8
2022/03/17 20:08:52 server.go:3160: http: panic serving 127.0.0.1:50167: template: login.html:1: unrecognized character in action: U+200C
goroutine 91 [running]:
net/http.(*conn).serve.func1()
	/usr/local/go/src/net/http/server.go:1802 +0xb9
panic({0x4473980, 0xc0001926b0})
	/usr/local/go/src/runtime/panic.go:1047 +0x266
html/template.Must(...)
	/usr/local/go/src/html/template/template.go:374
todo_app/app/controllers.generateHTML({0x454c338, 0xc0001ce1c0}, {0x0, 0x0}, {0xc000053a08, 0x3, 0x424f545})
	/Users/shimpei/go/src/todo_app/app/controllers/server.go:17 +0xf9
todo_app/app/controllers.login({0x454c338, 0xc0001ce1c0}, 0x0)
	/Users/shimpei/go/src/todo_app/app/controllers/route_auth.go:30 +0x91
net/http.HandlerFunc.ServeHTTP(0x0, {0x454c338, 0xc0001ce1c0}, 0x0)
	/usr/local/go/src/net/http/server.go:2047 +0x2f
net/http.(*ServeMux).ServeHTTP(0x0, {0x454c338, 0xc0001ce1c0}, 0xc000216300)
	/usr/local/go/src/net/http/server.go:2425 +0x149
net/http.serverHandler.ServeHTTP({0xc0002966f0}, {0x454c338, 0xc0001ce1c0}, 0xc000216300)
	/usr/local/go/src/net/http/server.go:2879 +0x43b
net/http.(*conn).serve(0xc00020a1e0, {0x454dc00, 0xc00009d530})
	/usr/local/go/src/net/http/server.go:1930 +0xb08
created by net/http.(*Server).Serve
	/usr/local/go/src/net/http/server.go:3034 +0x4e8
2022/03/17 20:09:52 server.go:3160: http: panic serving 127.0.0.1:50170: template: login.html:1: unrecognized character in action: U+200C
goroutine 92 [running]:
net/http.(*conn).serve.func1()
	/usr/local/go/src/net/http/server.go:1802 +0xb9
panic({0x4473980, 0xc000192840})
	/usr/local/go/src/runtime/panic.go:1047 +0x266
html/template.Must(...)
	/usr/local/go/src/html/template/template.go:374
todo_app/app/controllers.generateHTML({0x454c338, 0xc0001ce2a0}, {0x0, 0x0}, {0xc000052a08, 0x3, 0x424f545})
	/Users/shimpei/go/src/todo_app/app/controllers/server.go:17 +0xf9
todo_app/app/controllers.login({0x454c338, 0xc0001ce2a0}, 0x0)
	/Users/shimpei/go/src/todo_app/app/controllers/route_auth.go:30 +0x91
net/http.HandlerFunc.ServeHTTP(0x0, {0x454c338, 0xc0001ce2a0}, 0x0)
	/usr/local/go/src/net/http/server.go:2047 +0x2f
net/http.(*ServeMux).ServeHTTP(0x0, {0x454c338, 0xc0001ce2a0}, 0xc000216500)
	/usr/local/go/src/net/http/server.go:2425 +0x149
net/http.serverHandler.ServeHTTP({0xc000296870}, {0x454c338, 0xc0001ce2a0}, 0xc000216500)
	/usr/local/go/src/net/http/server.go:2879 +0x43b
net/http.(*conn).serve(0xc00020a280, {0x454dc00, 0xc00009d530})
	/usr/local/go/src/net/http/server.go:1930 +0xb08
created by net/http.(*Server).Serve
	/usr/local/go/src/net/http/server.go:3034 +0x4e8
2022/03/17 20:09:52 server.go:3160: http: panic serving 127.0.0.1:50171: template: login.html:1: unrecognized character in action: U+200C
goroutine 93 [running]:
net/http.(*conn).serve.func1()
	/usr/local/go/src/net/http/server.go:1802 +0xb9
panic({0x4473980, 0xc0001928c0})
	/usr/local/go/src/runtime/panic.go:1047 +0x266
html/template.Must(...)
	/usr/local/go/src/html/template/template.go:374
todo_app/app/controllers.generateHTML({0x454c338, 0xc000112540}, {0x0, 0x0}, {0xc00015ca08, 0x3, 0x424f545})
	/Users/shimpei/go/src/todo_app/app/controllers/server.go:17 +0xf9
todo_app/app/controllers.login({0x454c338, 0xc000112540}, 0x0)
	/Users/shimpei/go/src/todo_app/app/controllers/route_auth.go:30 +0x91
net/http.HandlerFunc.ServeHTTP(0x0, {0x454c338, 0xc000112540}, 0x0)
	/usr/local/go/src/net/http/server.go:2047 +0x2f
net/http.(*ServeMux).ServeHTTP(0x0, {0x454c338, 0xc000112540}, 0xc000216400)
	/usr/local/go/src/net/http/server.go:2425 +0x149
net/http.serverHandler.ServeHTTP({0xc000296810}, {0x454c338, 0xc000112540}, 0xc000216400)
	/usr/local/go/src/net/http/server.go:2879 +0x43b
net/http.(*conn).serve(0xc00020a320, {0x454dc00, 0xc00009d530})
	/usr/local/go/src/net/http/server.go:1930 +0xb08
created by net/http.(*Server).Serve
	/usr/local/go/src/net/http/server.go:3034 +0x4e8
2022/03/17 20:09:52 server.go:3160: http: panic serving 127.0.0.1:50172: template: login.html:1: unrecognized character in action: U+200C
goroutine 45 [running]:
net/http.(*conn).serve.func1()
	/usr/local/go/src/net/http/server.go:1802 +0xb9
panic({0x4473980, 0xc000192a50})
	/usr/local/go/src/runtime/panic.go:1047 +0x266
html/template.Must(...)
	/usr/local/go/src/html/template/template.go:374
todo_app/app/controllers.generateHTML({0x454c338, 0xc0001ce380}, {0x0, 0x0}, {0xc00015ca08, 0x3, 0x424f545})
	/Users/shimpei/go/src/todo_app/app/controllers/server.go:17 +0xf9
todo_app/app/controllers.login({0x454c338, 0xc0001ce380}, 0x0)
	/Users/shimpei/go/src/todo_app/app/controllers/route_auth.go:30 +0x91
net/http.HandlerFunc.ServeHTTP(0x0, {0x454c338, 0xc0001ce380}, 0x0)
	/usr/local/go/src/net/http/server.go:2047 +0x2f
net/http.(*ServeMux).ServeHTTP(0x0, {0x454c338, 0xc0001ce380}, 0xc000105100)
	/usr/local/go/src/net/http/server.go:2425 +0x149
net/http.serverHandler.ServeHTTP({0xc000135f80}, {0x454c338, 0xc0001ce380}, 0xc000105100)
	/usr/local/go/src/net/http/server.go:2879 +0x43b
net/http.(*conn).serve(0xc0000b9a40, {0x454dc00, 0xc00009d530})
	/usr/local/go/src/net/http/server.go:1930 +0xb08
created by net/http.(*Server).Serve
	/usr/local/go/src/net/http/server.go:3034 +0x4e8
2022/03/17 20:11:46 server.go:3160: http: panic serving 127.0.0.1:50173: template: login.html:1: unrecognized character in action: U+200C
goroutine 95 [running]:
net/http.(*conn).serve.func1()
	/usr/local/go/src/net/http/server.go:1802 +0xb9
panic({0x4473980, 0xc00009b800})
	/usr/local/go/src/runtime/panic.go:1047 +0x266
html/template.Must(...)
	/usr/local/go/src/html/template/template.go:374
todo_app/app/controllers.generateHTML({0x454c338, 0xc00022a540}, {0x0, 0x0}, {0xc000050a08, 0x3, 0x424f545})
	/Users/shimpei/go/src/todo_app/app/controllers/server.go:17 +0xf9
todo_app/app/controllers.login({0x454c338, 0xc00022a540}, 0x0)
	/Users/shimpei/go/src/todo_app/app/controllers/route_auth.go:30 +0x91
net/http.HandlerFunc.ServeHTTP(0x0, {0x454c338, 0xc00022a540}, 0x0)
	/usr/local/go/src/net/http/server.go:2047 +0x2f
net/http.(*ServeMux).ServeHTTP(0x0, {0x454c338, 0xc00022a540}, 0xc000216600)
	/usr/local/go/src/net/http/server.go:2425 +0x149
net/http.serverHandler.ServeHTTP({0xc000296ab0}, {0x454c338, 0xc00022a540}, 0xc000216600)
	/usr/local/go/src/net/http/server.go:2879 +0x43b
net/http.(*conn).serve(0xc00020a3c0, {0x454dc00, 0xc00009d530})
	/usr/local/go/src/net/http/server.go:1930 +0xb08
created by net/http.(*Server).Serve
	/usr/local/go/src/net/http/server.go:3034 +0x4e8
2022/03/17 20:11:48 server.go:3160: http: panic serving 127.0.0.1:50174: template: login.html:1: unrecognized character in action: U+200C
goroutine 107 [running]:
net/http.(*conn).serve.func1()
	/usr/local/go/src/net/http/server.go:1802 +0xb9
panic({0x4473980, 0xc00009b990})
	/usr/local/go/src/runtime/panic.go:1047 +0x266
html/template.Must(...)
	/usr/local/go/src/html/template/template.go:374
todo_app/app/controllers.generateHTML({0x454c338, 0xc000112620}, {0x0, 0x0}, {0xc00015ca08, 0x3, 0x424f545})
	/Users/shimpei/go/src/todo_app/app/controllers/server.go:17 +0xf9
todo_app/app/controllers.login({0x454c338, 0xc000112620}, 0x0)
	/Users/shimpei/go/src/todo_app/app/controllers/route_auth.go:30 +0x91
net/http.HandlerFunc.ServeHTTP(0x0, {0x454c338, 0xc000112620}, 0x0)
	/usr/local/go/src/net/http/server.go:2047 +0x2f
net/http.(*ServeMux).ServeHTTP(0x0, {0x454c338, 0xc000112620}, 0xc000378000)
	/usr/local/go/src/net/http/server.go:2425 +0x149
net/http.serverHandler.ServeHTTP({0xc00034ab10}, {0x454c338, 0xc000112620}, 0xc000378000)
	/usr/local/go/src/net/http/server.go:2879 +0x43b
net/http.(*conn).serve(0xc000376000, {0x454dc00, 0xc00009d530})
	/usr/local/go/src/net/http/server.go:1930 +0xb08
created by net/http.(*Server).Serve
	/usr/local/go/src/net/http/server.go:3034 +0x4e8
2022/03/17 20:11:48 server.go:3160: http: panic serving 127.0.0.1:50175: template: login.html:1: unrecognized character in action: U+200C
goroutine 108 [running]:
net/http.(*conn).serve.func1()
	/usr/local/go/src/net/http/server.go:1802 +0xb9
panic({0x4473980, 0xc000192c00})
	/usr/local/go/src/runtime/panic.go:1047 +0x266
html/template.Must(...)
	/usr/local/go/src/html/template/template.go:374
todo_app/app/controllers.generateHTML({0x454c338, 0xc0001ce460}, {0x0, 0x0}, {0xc000052a08, 0x3, 0x424f545})
	/Users/shimpei/go/src/todo_app/app/controllers/server.go:17 +0xf9
todo_app/app/controllers.login({0x454c338, 0xc0001ce460}, 0x0)
	/Users/shimpei/go/src/todo_app/app/controllers/route_auth.go:30 +0x91
net/http.HandlerFunc.ServeHTTP(0x0, {0x454c338, 0xc0001ce460}, 0x0)
	/usr/local/go/src/net/http/server.go:2047 +0x2f
net/http.(*ServeMux).ServeHTTP(0x0, {0x454c338, 0xc0001ce460}, 0xc000378100)
	/usr/local/go/src/net/http/server.go:2425 +0x149
net/http.serverHandler.ServeHTTP({0xc00034ac00}, {0x454c338, 0xc0001ce460}, 0xc000378100)
	/usr/local/go/src/net/http/server.go:2879 +0x43b
net/http.(*conn).serve(0xc0003760a0, {0x454dc00, 0xc00009d530})
	/usr/local/go/src/net/http/server.go:1930 +0xb08
created by net/http.(*Server).Serve
	/usr/local/go/src/net/http/server.go:3034 +0x4e8
2022/03/17 20:11:48 server.go:3160: http: panic serving 127.0.0.1:50176: template: login.html:1: unrecognized character in action: U+200C
goroutine 116 [running]:
net/http.(*conn).serve.func1()
	/usr/local/go/src/net/http/server.go:1802 +0xb9
panic({0x4473980, 0xc000192d90})
	/usr/local/go/src/runtime/panic.go:1047 +0x266
html/template.Must(...)
	/usr/local/go/src/html/template/template.go:374
todo_app/app/controllers.generateHTML({0x454c338, 0xc0001ce540}, {0x0, 0x0}, {0xc00015ca08, 0x3, 0x424f545})
	/Users/shimpei/go/src/todo_app/app/controllers/server.go:17 +0xf9
todo_app/app/controllers.login({0x454c338, 0xc0001ce540}, 0x0)
	/Users/shimpei/go/src/todo_app/app/controllers/route_auth.go:30 +0x91
net/http.HandlerFunc.ServeHTTP(0x0, {0x454c338, 0xc0001ce540}, 0x0)
	/usr/local/go/src/net/http/server.go:2047 +0x2f
net/http.(*ServeMux).ServeHTTP(0x0, {0x454c338, 0xc0001ce540}, 0xc000105200)
	/usr/local/go/src/net/http/server.go:2425 +0x149
net/http.serverHandler.ServeHTTP({0xc0001649f0}, {0x454c338, 0xc0001ce540}, 0xc000105200)
	/usr/local/go/src/net/http/server.go:2879 +0x43b
net/http.(*conn).serve(0xc0000b9ae0, {0x454dc00, 0xc00009d530})
	/usr/local/go/src/net/http/server.go:1930 +0xb08
created by net/http.(*Server).Serve
	/usr/local/go/src/net/http/server.go:3034 +0x4e8
2022/03/17 20:12:40 server.go:3160: http: panic serving 127.0.0.1:50180: template: login.html:1: unrecognized character in action: U+200C
goroutine 20 [running]:
net/http.(*conn).serve.func1()
	/usr/local/go/src/net/http/server.go:1802 +0xb9
panic({0x4473980, 0xc000012040})
	/usr/local/go/src/runtime/panic.go:1047 +0x266
html/template.Must(...)
	/usr/local/go/src/html/template/template.go:374
todo_app/app/controllers.generateHTML({0x454c338, 0xc0001120e0}, {0x0, 0x0}, {0xc0000c1a08, 0x3, 0x424f545})
	/Users/shimpei/go/src/todo_app/app/controllers/server.go:17 +0xf9
todo_app/app/controllers.login({0x454c338, 0xc0001120e0}, 0x0)
	/Users/shimpei/go/src/todo_app/app/controllers/route_auth.go:30 +0x91
net/http.HandlerFunc.ServeHTTP(0x0, {0x454c338, 0xc0001120e0}, 0x0)
	/usr/local/go/src/net/http/server.go:2047 +0x2f
net/http.(*ServeMux).ServeHTTP(0x0, {0x454c338, 0xc0001120e0}, 0xc000104100)
	/usr/local/go/src/net/http/server.go:2425 +0x149
net/http.serverHandler.ServeHTTP({0xc00009b620}, {0x454c338, 0xc0001120e0}, 0xc000104100)
	/usr/local/go/src/net/http/server.go:2879 +0x43b
net/http.(*conn).serve(0xc0000b9360, {0x454dc00, 0xc00009b530})
	/usr/local/go/src/net/http/server.go:1930 +0xb08
created by net/http.(*Server).Serve
	/usr/local/go/src/net/http/server.go:3034 +0x4e8
2022/03/17 20:14:33 server.go:3160: http: panic serving 127.0.0.1:50183: template: login.html:1: unrecognized character in action: U+200C
goroutine 5 [running]:
net/http.(*conn).serve.func1()
	/usr/local/go/src/net/http/server.go:1802 +0xb9
panic({0x4473980, 0xc000099300})
	/usr/local/go/src/runtime/panic.go:1047 +0x266
html/template.Must(...)
	/usr/local/go/src/html/template/template.go:374
todo_app/app/controllers.generateHTML({0x454c338, 0xc0001121c0}, {0x0, 0x0}, {0xc000050a08, 0x3, 0x424f545})
	/Users/shimpei/go/src/todo_app/app/controllers/server.go:17 +0xf9
todo_app/app/controllers.login({0x454c338, 0xc0001121c0}, 0x0)
	/Users/shimpei/go/src/todo_app/app/controllers/route_auth.go:30 +0x91
net/http.HandlerFunc.ServeHTTP(0x0, {0x454c338, 0xc0001121c0}, 0x0)
	/usr/local/go/src/net/http/server.go:2047 +0x2f
net/http.(*ServeMux).ServeHTTP(0x0, {0x454c338, 0xc0001121c0}, 0xc000104200)
	/usr/local/go/src/net/http/server.go:2425 +0x149
net/http.serverHandler.ServeHTTP({0xc00009bd10}, {0x454c338, 0xc0001121c0}, 0xc000104200)
	/usr/local/go/src/net/http/server.go:2879 +0x43b
net/http.(*conn).serve(0xc000218000, {0x454dc00, 0xc00009b530})
	/usr/local/go/src/net/http/server.go:1930 +0xb08
created by net/http.(*Server).Serve
	/usr/local/go/src/net/http/server.go:3034 +0x4e8
2022/03/17 20:14:33 server.go:3160: http: panic serving 127.0.0.1:50184: template: login.html:1: unrecognized character in action: U+200C
goroutine 6 [running]:
net/http.(*conn).serve.func1()
	/usr/local/go/src/net/http/server.go:1802 +0xb9
panic({0x4473980, 0xc0001a2180})
	/usr/local/go/src/runtime/panic.go:1047 +0x266
html/template.Must(...)
	/usr/local/go/src/html/template/template.go:374
todo_app/app/controllers.generateHTML({0x454c338, 0xc0001be000}, {0x0, 0x0}, {0xc0000bba08, 0x3, 0x424f545})
	/Users/shimpei/go/src/todo_app/app/controllers/server.go:17 +0xf9
todo_app/app/controllers.login({0x454c338, 0xc0001be000}, 0x0)
	/Users/shimpei/go/src/todo_app/app/controllers/route_auth.go:30 +0x91
net/http.HandlerFunc.ServeHTTP(0x0, {0x454c338, 0xc0001be000}, 0x0)
	/usr/local/go/src/net/http/server.go:2047 +0x2f
net/http.(*ServeMux).ServeHTTP(0x0, {0x454c338, 0xc0001be000}, 0xc00021a000)
	/usr/local/go/src/net/http/server.go:2425 +0x149
net/http.serverHandler.ServeHTTP({0xc0000761b0}, {0x454c338, 0xc0001be000}, 0xc00021a000)
	/usr/local/go/src/net/http/server.go:2879 +0x43b
net/http.(*conn).serve(0xc0002180a0, {0x454dc00, 0xc00009b530})
	/usr/local/go/src/net/http/server.go:1930 +0xb08
created by net/http.(*Server).Serve
	/usr/local/go/src/net/http/server.go:3034 +0x4e8
2022/03/17 20:14:33 server.go:3160: http: panic serving 127.0.0.1:50185: template: login.html:1: unrecognized character in action: U+200C
goroutine 7 [running]:
net/http.(*conn).serve.func1()
	/usr/local/go/src/net/http/server.go:1802 +0xb9
panic({0x4473980, 0xc0001a2310})
	/usr/local/go/src/runtime/panic.go:1047 +0x266
html/template.Must(...)
	/usr/local/go/src/html/template/template.go:374
todo_app/app/controllers.generateHTML({0x454c338, 0xc0001be0e0}, {0x0, 0x0}, {0xc000055a08, 0x3, 0x424f545})
	/Users/shimpei/go/src/todo_app/app/controllers/server.go:17 +0xf9
todo_app/app/controllers.login({0x454c338, 0xc0001be0e0}, 0x0)
	/Users/shimpei/go/src/todo_app/app/controllers/route_auth.go:30 +0x91
net/http.HandlerFunc.ServeHTTP(0x0, {0x454c338, 0xc0001be0e0}, 0x0)
	/usr/local/go/src/net/http/server.go:2047 +0x2f
net/http.(*ServeMux).ServeHTTP(0x0, {0x454c338, 0xc0001be0e0}, 0xc00021a100)
	/usr/local/go/src/net/http/server.go:2425 +0x149
net/http.serverHandler.ServeHTTP({0xc0000762a0}, {0x454c338, 0xc0001be0e0}, 0xc00021a100)
	/usr/local/go/src/net/http/server.go:2879 +0x43b
net/http.(*conn).serve(0xc000218140, {0x454dc00, 0xc00009b530})
	/usr/local/go/src/net/http/server.go:1930 +0xb08
created by net/http.(*Server).Serve
	/usr/local/go/src/net/http/server.go:3034 +0x4e8
2022/03/17 20:14:35 server.go:3160: http: panic serving 127.0.0.1:50186: template: login.html:1: unrecognized character in action: U+200C
goroutine 29 [running]:
net/http.(*conn).serve.func1()
	/usr/local/go/src/net/http/server.go:1802 +0xb9
panic({0x4473980, 0xc000012140})
	/usr/local/go/src/runtime/panic.go:1047 +0x266
html/template.Must(...)
	/usr/local/go/src/html/template/template.go:374
todo_app/app/controllers.generateHTML({0x454c338, 0xc0001122a0}, {0x0, 0x0}, {0xc000055a08, 0x3, 0x424f545})
	/Users/shimpei/go/src/todo_app/app/controllers/server.go:17 +0xf9
todo_app/app/controllers.login({0x454c338, 0xc0001122a0}, 0x0)
	/Users/shimpei/go/src/todo_app/app/controllers/route_auth.go:30 +0x91
net/http.HandlerFunc.ServeHTTP(0x0, {0x454c338, 0xc0001122a0}, 0x0)
	/usr/local/go/src/net/http/server.go:2047 +0x2f
net/http.(*ServeMux).ServeHTTP(0x0, {0x454c338, 0xc0001122a0}, 0xc0001a8100)
	/usr/local/go/src/net/http/server.go:2425 +0x149
net/http.serverHandler.ServeHTTP({0xc000184ed0}, {0x454c338, 0xc0001122a0}, 0xc0001a8100)
	/usr/local/go/src/net/http/server.go:2879 +0x43b
net/http.(*conn).serve(0xc0000b9400, {0x454dc00, 0xc00009b530})
	/usr/local/go/src/net/http/server.go:1930 +0xb08
created by net/http.(*Server).Serve
	/usr/local/go/src/net/http/server.go:3034 +0x4e8
2022/03/17 20:14:35 server.go:3160: http: panic serving 127.0.0.1:50187: template: login.html:1: unrecognized character in action: U+200C
goroutine 30 [running]:
net/http.(*conn).serve.func1()
	/usr/local/go/src/net/http/server.go:1802 +0xb9
panic({0x4473980, 0xc0001a24b0})
	/usr/local/go/src/runtime/panic.go:1047 +0x266
html/template.Must(...)
	/usr/local/go/src/html/template/template.go:374
todo_app/app/controllers.generateHTML({0x454c338, 0xc0001be1c0}, {0x0, 0x0}, {0xc000050a08, 0x3, 0x424f545})
	/Users/shimpei/go/src/todo_app/app/controllers/server.go:17 +0xf9
todo_app/app/controllers.login({0x454c338, 0xc0001be1c0}, 0x0)
	/Users/shimpei/go/src/todo_app/app/controllers/route_auth.go:30 +0x91
net/http.HandlerFunc.ServeHTTP(0x0, {0x454c338, 0xc0001be1c0}, 0x0)
	/usr/local/go/src/net/http/server.go:2047 +0x2f
net/http.(*ServeMux).ServeHTTP(0x0, {0x454c338, 0xc0001be1c0}, 0xc000104300)
	/usr/local/go/src/net/http/server.go:2425 +0x149
net/http.serverHandler.ServeHTTP({0xc0001324e0}, {0x454c338, 0xc0001be1c0}, 0xc000104300)
	/usr/local/go/src/net/http/server.go:2879 +0x43b
net/http.(*conn).serve(0xc0000b94a0, {0x454dc00, 0xc00009b530})
	/usr/local/go/src/net/http/server.go:1930 +0xb08
created by net/http.(*Server).Serve
	/usr/local/go/src/net/http/server.go:3034 +0x4e8
2022/03/17 20:14:35 server.go:3160: http: panic serving 127.0.0.1:50188: template: login.html:1: unrecognized character in action: U+200C
goroutine 33 [running]:
net/http.(*conn).serve.func1()
	/usr/local/go/src/net/http/server.go:1802 +0xb9
panic({0x4473980, 0xc000099560})
	/usr/local/go/src/runtime/panic.go:1047 +0x266
html/template.Must(...)
	/usr/local/go/src/html/template/template.go:374
todo_app/app/controllers.generateHTML({0x454c338, 0xc000112380}, {0x0, 0x0}, {0xc000055a08, 0x3, 0x424f545})
	/Users/shimpei/go/src/todo_app/app/controllers/server.go:17 +0xf9
todo_app/app/controllers.login({0x454c338, 0xc000112380}, 0x0)
	/Users/shimpei/go/src/todo_app/app/controllers/route_auth.go:30 +0x91
net/http.HandlerFunc.ServeHTTP(0x0, {0x454c338, 0xc000112380}, 0x0)
	/usr/local/go/src/net/http/server.go:2047 +0x2f
net/http.(*ServeMux).ServeHTTP(0x0, {0x454c338, 0xc000112380}, 0xc000104400)
	/usr/local/go/src/net/http/server.go:2425 +0x149
net/http.serverHandler.ServeHTTP({0xc000132990}, {0x454c338, 0xc000112380}, 0xc000104400)
	/usr/local/go/src/net/http/server.go:2879 +0x43b
net/http.(*conn).serve(0xc0000b9540, {0x454dc00, 0xc00009b530})
	/usr/local/go/src/net/http/server.go:1930 +0xb08
created by net/http.(*Server).Serve
	/usr/local/go/src/net/http/server.go:3034 +0x4e8
2022/03/17 20:19:32 server.go:3160: http: panic serving 127.0.0.1:50199: template: login.html:1: unrecognized character in action: U+200C
goroutine 47 [running]:
net/http.(*conn).serve.func1()
	/usr/local/go/src/net/http/server.go:1802 +0xb9
panic({0x4473980, 0xc0000996f0})
	/usr/local/go/src/runtime/panic.go:1047 +0x266
html/template.Must(...)
	/usr/local/go/src/html/template/template.go:374
todo_app/app/controllers.generateHTML({0x454c338, 0xc000112460}, {0x0, 0x0}, {0xc000050a08, 0x3, 0x424f545})
	/Users/shimpei/go/src/todo_app/app/controllers/server.go:17 +0xf9
todo_app/app/controllers.login({0x454c338, 0xc000112460}, 0x0)
	/Users/shimpei/go/src/todo_app/app/controllers/route_auth.go:30 +0x91
net/http.HandlerFunc.ServeHTTP(0x0, {0x454c338, 0xc000112460}, 0x0)
	/usr/local/go/src/net/http/server.go:2047 +0x2f
net/http.(*ServeMux).ServeHTTP(0x0, {0x454c338, 0xc000112460}, 0xc0001a8200)
	/usr/local/go/src/net/http/server.go:2425 +0x149
net/http.serverHandler.ServeHTTP({0xc000185620}, {0x454c338, 0xc000112460}, 0xc0001a8200)
	/usr/local/go/src/net/http/server.go:2879 +0x43b
net/http.(*conn).serve(0xc0001880a0, {0x454dc00, 0xc00009b530})
	/usr/local/go/src/net/http/server.go:1930 +0xb08
created by net/http.(*Server).Serve
	/usr/local/go/src/net/http/server.go:3034 +0x4e8
2022/03/18 18:23:08 users.go:103: near "value": syntax error
2022/03/18 18:23:10 users.go:103: near "value": syntax error
2022/03/18 18:24:00 users.go:103: near "value": syntax error
2022/03/18 18:24:00 main.go:19: near "sessions": syntax error
2022/03/18 18:27:29 users.go:103: near "value": syntax error
2022/03/18 18:27:29 main.go:19: near "sessions": syntax error
2022/03/18 18:28:51 users.go:103: near "value": syntax error
2022/03/18 18:28:51 main.go:19: near "sessions": syntax error
2022/03/18 18:30:46 main.go:19: near "sessions": syntax error
2022/03/18 18:54:54 route_auth.go:37: sql: no rows in result set
2022/03/18 18:54:54 server.go:3160: http: superfluous response.WriteHeader call from todo_app/app/controllers.authenticate (route_auth.go:55)
